
     Program SCHOOL v.5.0.2 (svn rev. 9392) starts on  5Sep2013 at 19:12:19 

     This program is part of the open-source Quantum ESPRESSO suite
     for quantum simulation of materials; please cite
         "P. Giannozzi et al., J. Phys.:Condens. Matter 21 395502 (2009);
          URL http://www.quantum-espresso.org", 
     in publications or presentations arising from this work. More details at
     http://www.quantum-espresso.org/quote.php

     Serial version

   Info: using nr1, nr2, nr3 values from input

   Info: using nr1s, nr2s, nr3s values from input

     IMPORTANT: XC functional enforced from input :
     Exchange-correlation      = LDA ( 1 1 0 0 0)
     EXX-fraction              =        0.00
     Any further DFT definition will be discarded
     Please, verify this is what you really want


     G-vector sticks info
     --------------------
     sticks:   dense  smooth     PW     G-vecs:    dense   smooth      PW
     Sum         241      91     37                 2445      609     137


     Check: negative/imaginary core charge=   -0.000006    0.000000
 nkstot=           4
 after first init
 after g stuff
 after wfc waves
 after davcio


     bravais-lattice index     =            0
     lattice parameter (alat)  =       1.8897  a.u.
     unit-cell volume          =     112.0317 (a.u.)^3
     number of atoms/cell      =            1
     number of atomic types    =            1
     number of electrons       =         3.00
     number of Kohn-Sham states=            8
     kinetic-energy cutoff     =      12.0000  Ry
     charge density cutoff     =     120.0000  Ry
     Exchange-correlation      = LDA ( 1 1 0 0 0)
     EXX-fraction              =        0.00

     celldm(1)=   1.889726  celldm(2)=   0.000000  celldm(3)=   0.000000
     celldm(4)=   0.000000  celldm(5)=   0.000000  celldm(6)=   0.000000

     crystal axes: (cart. coord. in units of alat)
               a(1) = (   0.000000   2.024750   2.024750 )  
               a(2) = (   2.024750   0.000000   2.024750 )  
               a(3) = (   2.024750   2.024750   0.000000 )  

     reciprocal axes: (cart. coord. in units 2 pi/alat)
               b(1) = ( -0.246944  0.246944  0.246944 )  
               b(2) = (  0.246944 -0.246944  0.246944 )  
               b(3) = (  0.246944  0.246944 -0.246944 )  


     PseudoPot. # 1 for Al read from file:
     ./Al.pz-n-rrkjus_psl.0.1.UPF
     MD5 check sum: 77eeb79a43ee03f24d62ec52d7f64bdb
     Pseudo is Ultrasoft + core correction, Zval =  3.0
     Generated using "atomic" code by A. Dal Corso  v.5.0.2 svn rev. 9415
     Using radial grid of 1135 points,  4 beta functions with: 
                l(1) =   0
                l(2) =   0
                l(3) =   1
                l(4) =   1
     Q(r) pseudized with 0 coefficients 


     atomic species   valence    mass     pseudopotential
        Al1            3.00    26.98154     Al( 1.00)

     48 Sym. Ops., with inversion, found



   Cartesian axes

     site n.     atom                  positions (alat units)
         1           Al1 tau(   1) = (   0.0000000   0.0000000   0.0000000  )

     number of k points=     4  Fermi-Dirac smearing, width (Ry)=  0.0800
                       cart. coord. in units 2pi/alat
        k(    1) = (   0.0000000   0.0000000   0.0000000), wk =   0.0740741
        k(    2) = (   0.0823147   0.0823147  -0.0823147), wk =   0.5925926
        k(    3) = (   0.1646294   0.0000000   0.0000000), wk =   0.4444444
        k(    4) = (  -0.0000000  -0.1646294   0.1646294), wk =   0.8888889

     Dense  grid:     2445 G-vectors     FFT dimensions: (  20,  20,  20)

     Smooth grid:      609 G-vectors     FFT dimensions: (  12,  12,  12)

          k = 0.0000 0.0000 0.0000     band energies (ev):

    -3.4255  20.5782  20.5782  20.5782  21.4095  21.4095  21.4095  24.2324

          k = 0.0823 0.0823-0.0823     band energies (ev):

    -0.4591   8.1522  18.3634  18.3634  21.0597  21.0597  22.0074  24.9693

          k = 0.1646 0.0000 0.0000     band energies (ev):

     0.5152  12.0284  13.9978  13.9978  14.1301  17.4681  30.8617  32.1096

          k =-0.0000-0.1646 0.1646     band energies (ev):

     4.3604   6.5976   8.0075  14.8716  16.7846  26.3248  27.9128  28.1416

     the Fermi energy is     7.2520 ev

     Check: negative/imaginary core charge=   -0.000006    0.000000
 CHECK_WFCS is           1           1           1           1 (  1.0000000000000018     , 6.93889390393562737E-018)
 CHECK_WFCS is           1           1           1           2 ( 1.09853917443787828E-017,-3.52638697811145659E-018)
 CHECK_WFCS is           1           1           1           3 (-4.58887553029571688E-018, 2.20790021390444043E-018)
 CHECK_WFCS is           1           1           1           4 ( 8.35720419385960160E-017, 7.46591157523694579E-018)
 CHECK_WFCS is           1           1           1           5 ( 6.16249556352005618E-019,-2.93101441172753465E-018)
 CHECK_WFCS is           1           1           1           6 ( 2.71509545643281784E-018,-1.01953145511682237E-017)
 CHECK_WFCS is           1           1           1           7 ( 2.52765715680891432E-017,-1.39515590835643860E-019)
 CHECK_WFCS is           1           1           1           8 (-1.66633691182312612E-016,-6.34530033314212599E-017)
 CHECK_WFCS is           1           1           2           1 ( 1.09853942259458640E-017, 3.52638615094346581E-018)
 CHECK_WFCS is           1           1           2           2 ( 0.99999999999999933     ,-8.83524213847533222E-029)
 CHECK_WFCS is           1           1           2           3 (-8.76472158504846118E-017,-6.58133291753322747E-017)
 CHECK_WFCS is           1           1           2           4 ( 1.16017331615750771E-016,-1.45724218753670332E-017)
 CHECK_WFCS is           1           1           2           5 ( 1.69232453456256936E-016, 2.30325221764856193E-017)
 CHECK_WFCS is           1           1           2           6 ( 6.46369013980602847E-017,-6.18429942408149457E-017)
 CHECK_WFCS is           1           1           2           7 (-1.72615659384726384E-017,-3.02554965793183123E-017)
 CHECK_WFCS is           1           1           2           8 (-1.83408510653819582E-017,-1.05123329367186641E-016)
 CHECK_WFCS is           1           1           3           1 (-4.58888132056000475E-018,-2.20789359648162811E-018)
 CHECK_WFCS is           1           1           3           2 (-8.76472158521128207E-017, 6.58133291753070312E-017)
 CHECK_WFCS is           1           1           3           3 (  1.0000000000000009     , 5.04870979341447555E-029)
 CHECK_WFCS is           1           1           3           4 (-1.06439138978058669E-016,-9.38459129446722965E-017)
 CHECK_WFCS is           1           1           3           5 ( 3.21245790021921076E-017,-5.84008173657056735E-017)
 CHECK_WFCS is           1           1           3           6 ( 2.04003749443135472E-018, 5.80583232330780924E-017)
 CHECK_WFCS is           1           1           3           7 (-2.16303782876733634E-016, 6.71988820007967806E-017)
 CHECK_WFCS is           1           1           3           8 (-1.47271472510286604E-016, 5.55449884332189016E-018)
 CHECK_WFCS is           1           1           4           1 ( 8.35719095902028785E-017,-7.46583216610008909E-018)
 CHECK_WFCS is           1           1           4           2 ( 1.16017331618981945E-016, 1.45724218755689816E-017)
 CHECK_WFCS is           1           1           4           3 (-1.06439138977654773E-016, 9.38459129442683997E-017)
 CHECK_WFCS is           1           1           4           4 (  1.0000000000000002     ,-2.42338070083894827E-027)
 CHECK_WFCS is           1           1           4           5 ( 1.85604694977502122E-016, 6.65335463061249595E-017)
 CHECK_WFCS is           1           1           4           6 (-1.46728804300453274E-017,-2.32076459488172315E-016)
 CHECK_WFCS is           1           1           4           7 ( 6.02953752970848770E-017,-8.50671086111655568E-017)
 CHECK_WFCS is           1           1           4           8 ( 1.88851415352844510E-016, 2.91618147683789338E-017)
 CHECK_WFCS is           1           1           5           1 ( 6.16181727541776270E-019, 2.93099290503160827E-018)
 CHECK_WFCS is           1           1           5           2 ( 1.69232446218426576E-016,-2.30325236240516913E-017)
 CHECK_WFCS is           1           1           5           3 ( 3.21245649401216942E-017, 5.84007793153974960E-017)
 CHECK_WFCS is           1           1           5           4 ( 1.85604724756004174E-016,-6.65336025544066131E-017)
 CHECK_WFCS is           1           1           5           5 (  1.0000000000000016     , 2.16840434497100887E-019)
 CHECK_WFCS is           1           1           5           6 (-2.42657998729411961E-016, 1.29155583797335716E-016)
 CHECK_WFCS is           1           1           5           7 ( 1.81468338619761305E-017,-8.47303997797421715E-017)
 CHECK_WFCS is           1           1           5           8 (-4.63545861050959314E-017,-3.79416596583416580E-017)
 CHECK_WFCS is           1           1           6           1 ( 2.71510455541955592E-018, 1.01952971803753601E-017)
 CHECK_WFCS is           1           1           6           2 ( 6.46368978825426813E-017, 6.18429917592731081E-017)
 CHECK_WFCS is           1           1           6           3 ( 2.04003584007012961E-018,-5.80583298505229928E-017)
 CHECK_WFCS is           1           1           6           4 (-1.46729333696045308E-017, 2.32076532280066220E-016)
 CHECK_WFCS is           1           1           6           5 (-2.43308520032903264E-016,-1.28396642276595863E-016)
 CHECK_WFCS is           1           1           6           6 (  1.0000000000000004     , 8.67467617106810335E-019)
 CHECK_WFCS is           1           1           6           7 ( 2.03477642721217045E-016, 2.59449579875781211E-016)
 CHECK_WFCS is           1           1           6           8 ( 7.63110775724916380E-017, 9.65397099693044754E-017)
 CHECK_WFCS is           1           1           7           1 ( 2.52765682593666930E-017, 1.39513936474418754E-019)
 CHECK_WFCS is           1           1           7           2 (-1.72615609753889631E-017, 3.02555143637014821E-017)
 CHECK_WFCS is           1           1           7           3 (-2.16303815963958136E-016,-6.71988873774707622E-017)
 CHECK_WFCS is           1           1           7           4 ( 6.02953256662481238E-017, 8.50670821413859551E-017)
 CHECK_WFCS is           1           1           7           5 ( 1.65205306032478738E-017, 8.37817228788173551E-017)
 CHECK_WFCS is           1           1           7           6 ( 2.03477642721217045E-016,-2.60316941613769615E-016)
 CHECK_WFCS is           1           1           7           7 (  1.0000000000000002     , 1.35525271560688054E-019)
 CHECK_WFCS is           1           1           7           8 ( 1.06924304124140146E-016,-7.86820038555564549E-017)
 CHECK_WFCS is           1           1           8           1 (-1.66637105783477334E-016, 6.34564444026685063E-017)
 CHECK_WFCS is           1           1           8           2 (-1.83408510649275743E-017, 1.05123329373749963E-016)
 CHECK_WFCS is           1           1           8           3 (-1.47271472615703665E-016,-5.55449878364614040E-018)
 CHECK_WFCS is           1           1           8           4 ( 1.88851415554792901E-016,-2.91618147724179016E-017)
 CHECK_WFCS is           1           1           8           5 (-4.63544157058897455E-017, 3.79417026717335107E-017)
 CHECK_WFCS is           1           1           8           6 ( 7.63110312503773351E-017,-9.65397314760004017E-017)
 CHECK_WFCS is           1           1           8           7 ( 1.06924290889250345E-016, 7.86819840032217536E-017)
 CHECK_WFCS is           1           1           8           8 ( 0.99999999999999944     , 3.27156394613258016E-026)
 CHECK_WFCS is           1           2           1           1 (  1.0000000000000007     ,-1.05032085459533242E-019)
 CHECK_WFCS is           1           2           1           2 ( 8.97668576841162413E-017, 1.80736502153333589E-016)
 CHECK_WFCS is           1           2           1           3 ( 7.57247454845344503E-018, 3.16282102504755747E-018)
 CHECK_WFCS is           1           2           1           4 (-1.46299530649762755E-017,-1.27054942088145051E-017)
 CHECK_WFCS is           1           2           1           5 (-7.47675982541370909E-018,-9.53589692018891322E-018)
 CHECK_WFCS is           1           2           1           6 (-3.44911816121951098E-018, 2.05998412772245842E-018)
 CHECK_WFCS is           1           2           1           7 ( 3.27727211688055853E-016, 8.56291017367789842E-017)
 CHECK_WFCS is           1           2           1           8 ( 1.79940291182914547E-016,-3.00679755616331534E-017)
 CHECK_WFCS is           1           2           2           1 ( 9.00006387775584282E-017,-1.81963005860957816E-016)
 CHECK_WFCS is           1           2           2           2 ( 0.99999999999999967     ,-2.10064170919066484E-019)
 CHECK_WFCS is           1           2           2           3 ( 1.96510796730050424E-016, 1.72782015745668455E-017)
 CHECK_WFCS is           1           2           2           4 ( 1.73634977923553535E-016, 1.15704700594937426E-018)
 CHECK_WFCS is           1           2           2           5 ( 2.53647404187089254E-016, 3.90487270881915982E-016)
 CHECK_WFCS is           1           2           2           6 (-3.40469975346549547E-016,-1.57331287754802762E-016)
 CHECK_WFCS is           1           2           2           7 ( 2.44197057594573025E-016,-2.21519444497733642E-016)
 CHECK_WFCS is           1           2           2           8 ( 3.80564279904831854E-016,-1.29694296751789451E-016)
 CHECK_WFCS is           1           2           3           1 ( 7.78931498295054592E-018,-2.74989246326108605E-018)
 CHECK_WFCS is           1           2           3           2 ( 1.96104220915368360E-016,-1.73933980553934303E-017)
 CHECK_WFCS is           1           2           3           3 (  1.0000000000000007     ,-3.38813178901720136E-020)
 CHECK_WFCS is           1           2           3           4 ( 2.58131596609853520E-016, 2.26352614494766680E-016)
 CHECK_WFCS is           1           2           3           5 (-2.07276585489652582E-016,-2.29825449578509311E-017)
 CHECK_WFCS is           1           2           3           6 (-4.63801360598564694E-016, 1.05899447197521646E-016)
 CHECK_WFCS is           1           2           3           7 (-4.87043944671222695E-018,-2.00424935979312546E-017)
 CHECK_WFCS is           1           2           3           8 ( 6.13421260401564306E-017,-1.22972243282379323E-017)
 CHECK_WFCS is           1           2           4           1 (-1.53346844770918533E-017, 1.28139144260630555E-017)
 CHECK_WFCS is           1           2           4           2 ( 1.75505226671091030E-016,-6.30192512757199452E-019)
 CHECK_WFCS is           1           2           4           3 ( 2.59812109977206052E-016,-2.26095116478801372E-016)
 CHECK_WFCS is           1           2           4           4 (  1.0000000000000011     ,-7.62329652528870305E-021)
 CHECK_WFCS is           1           2           4           5 ( 1.32137986804618107E-016,-1.47329522713623984E-016)
 CHECK_WFCS is           1           2           4           6 (-2.57592883655399785E-016, 3.24854075930969266E-017)
 CHECK_WFCS is           1           2           4           7 (-1.40444838918341031E-016, 1.01271259173724149E-016)
 CHECK_WFCS is           1           2           4           8 ( 5.55518088127260334E-017,-1.51476596023381038E-016)
 CHECK_WFCS is           1           2           5           1 (-7.40222092605533066E-018, 9.44102923009643158E-018)
 CHECK_WFCS is           1           2           5           2 ( 2.54870519762924463E-016,-3.90897234828387063E-016)
 CHECK_WFCS is           1           2           5           3 (-2.05891686620891801E-016, 2.31985383594007777E-017)
 CHECK_WFCS is           1           2           5           4 ( 1.31927922633699041E-016, 1.47302417659311846E-016)
 CHECK_WFCS is           1           2           5           5 (  1.0000000000000004     , 2.76979773752156211E-019)
 CHECK_WFCS is           1           2           5           6 ( 1.81356530270723737E-016, 2.19910081897950471E-016)
 CHECK_WFCS is           1           2           5           7 ( 1.30807298044481601E-017,-2.27595211828388738E-016)
 CHECK_WFCS is           1           2           5           8 (-2.26618582840204530E-016, 1.55820180976901090E-016)
 CHECK_WFCS is           1           2           6           1 (-3.45589442479754538E-018,-2.27343643043054211E-018)
 CHECK_WFCS is           1           2           6           2 (-3.40336144140883368E-016, 1.57493918080675588E-016)
 CHECK_WFCS is           1           2           6           3 (-4.63581132032278576E-016,-1.05885894670365577E-016)
 CHECK_WFCS is           1           2           6           4 (-2.58351825176139638E-016,-3.29732985707154036E-017)
 CHECK_WFCS is           1           2           6           5 ( 1.81492055542284425E-016,-2.20154027386759710E-016)
 CHECK_WFCS is           1           2           6           6 ( 0.99999999999999978     , 3.30342849429177132E-020)
 CHECK_WFCS is           1           2           6           7 (-5.10923497520215930E-016, 2.22310573270469158E-016)
 CHECK_WFCS is           1           2           6           8 (-2.21922632180626689E-016, 1.68854323969250264E-016)
 CHECK_WFCS is           1           2           7           1 ( 3.27874595420878101E-016,-8.75298436704176341E-017)
 CHECK_WFCS is           1           2           7           2 ( 2.44116165948110239E-016, 2.21749837459386812E-016)
 CHECK_WFCS is           1           2           7           3 (-4.80437087682639152E-018, 2.00492698615092890E-017)
 CHECK_WFCS is           1           2           7           4 (-1.40827697810499974E-016,-1.01339021809504493E-016)
 CHECK_WFCS is           1           2           7           5 ( 1.30570128819250397E-017, 2.27618081717964604E-016)
 CHECK_WFCS is           1           2           7           6 (-5.11140337954713031E-016,-2.22229258107532746E-016)
 CHECK_WFCS is           1           2           7           7 (  1.0000000000000016     ,-5.42101086242752217E-020)
 CHECK_WFCS is           1           2           7           8 ( 3.28530198922052930E-016,-9.51217999766579281E-017)
 CHECK_WFCS is           1           2           8           1 ( 1.86848691900720620E-016, 2.83163114267112603E-017)
 CHECK_WFCS is           1           2           8           2 ( 3.81963578333695958E-016, 1.29287720937107387E-016)
 CHECK_WFCS is           1           2           8           3 ( 6.12879159315321553E-017, 1.20177034556440132E-017)
 CHECK_WFCS is           1           2           8           4 ( 5.53281921146508981E-017, 1.51083572735855043E-016)
 CHECK_WFCS is           1           2           8           5 (-2.26496610095799911E-016,-1.55325513735704579E-016)
 CHECK_WFCS is           1           2           8           6 (-2.22464733266869441E-016,-1.68878040891773384E-016)
 CHECK_WFCS is           1           2           8           7 ( 3.28448883759116517E-016, 8.97346704321205779E-017)
 CHECK_WFCS is           1           2           8           8 ( 0.99999999999999933     ,-1.55854062294791262E-019)
 CHECK_WFCS is           1           3           1           1 ( 0.99999999999999956     , 5.08219810790338676E-020)
 CHECK_WFCS is           1           3           1           2 ( 1.27389267422365456E-016,-1.49831901246219940E-017)
 CHECK_WFCS is           1           3           1           3 ( 1.28420108046405497E-017, 4.95606684435354650E-018)
 CHECK_WFCS is           1           3           1           4 (-9.02988621521033830E-018, 4.75298641071224891E-018)
 CHECK_WFCS is           1           3           1           5 (-1.64190964809851227E-017,-3.24687576846409215E-019)
 CHECK_WFCS is           1           3           1           6 ( 4.64103414339747842E-016, 3.20026237853743455E-017)
 CHECK_WFCS is           1           3           1           7 (-4.59542043472798415E-018, 1.70416435655302777E-017)
 CHECK_WFCS is           1           3           1           8 ( 1.08113747245189853E-016,-1.59518356603115418E-017)
 CHECK_WFCS is           1           3           2           1 ( 1.26984687434105353E-016, 1.31788266049381908E-017)
 CHECK_WFCS is           1           3           2           2 (  1.0000000000000004     ,-3.33519304456537423E-021)
 CHECK_WFCS is           1           3           2           3 ( 1.76911591367886051E-016,-1.44555787874267656E-017)
 CHECK_WFCS is           1           3           2           4 ( 5.47849679303938006E-017,-1.98609919509454243E-017)
 CHECK_WFCS is           1           3           2           5 ( 2.95808110659239929E-016,-1.71519404147875786E-016)
 CHECK_WFCS is           1           3           2           6 ( 3.36797178081323814E-016,-9.67670082142783853E-018)
 CHECK_WFCS is           1           3           2           7 ( 3.94078655954171965E-017, 3.29840640891236645E-017)
 CHECK_WFCS is           1           3           2           8 (-1.83557891145660084E-016,-1.32538699769913549E-018)
 CHECK_WFCS is           1           3           3           1 ( 1.28420091502793246E-017,-4.95605742224938164E-018)
 CHECK_WFCS is           1           3           3           2 ( 1.76911585836115705E-016, 1.44555826809917583E-017)
 CHECK_WFCS is           1           3           3           3 (  1.0000000000000013     ,-6.77626357803440271E-021)
 CHECK_WFCS is           1           3           3           4 (-2.06249981557580370E-016, 2.36118480860135135E-016)
 CHECK_WFCS is           1           3           3           5 (-1.20109591419171387E-016, 1.22632474709870104E-017)
 CHECK_WFCS is           1           3           3           6 ( 2.26588493318242301E-017,-1.09933213953206040E-016)
 CHECK_WFCS is           1           3           3           7 (-1.35580196353361575E-017,-1.56421640543900648E-017)
 CHECK_WFCS is           1           3           3           8 (-3.00703472538854655E-016,-4.67325017659142583E-017)
 CHECK_WFCS is           1           3           4           1 (-9.02989316869736257E-018,-4.75298040072811083E-018)
 CHECK_WFCS is           1           3           4           2 ( 5.47849714846854952E-017, 1.98609804124221140E-017)
 CHECK_WFCS is           1           3           4           3 (-2.06168666394643957E-016,-2.35833877789857690E-016)
 CHECK_WFCS is           1           3           4           4 (  1.0000000000000011     , 3.38813178901720136E-021)
 CHECK_WFCS is           1           3           4           5 ( 3.76875461552501879E-017, 4.48494112461620305E-017)
 CHECK_WFCS is           1           3           4           6 (-2.19964072183326960E-016, 3.75427317488081060E-017)
 CHECK_WFCS is           1           3           4           7 (-1.16765460468863178E-016,-3.02653061142025786E-017)
 CHECK_WFCS is           1           3           4           8 (-7.07441917546791643E-018,-6.30192512757199452E-019)
 CHECK_WFCS is           1           3           5           1 (-1.64191218469321701E-017, 3.24686595012771637E-019)
 CHECK_WFCS is           1           3           5           2 ( 2.95808113621227246E-016, 1.71519405676460240E-016)
 CHECK_WFCS is           1           3           5           3 (-1.20109593176930188E-016,-1.22632555359979828E-017)
 CHECK_WFCS is           1           3           5           4 ( 3.76875440355998683E-017,-4.48494095401020172E-017)
 CHECK_WFCS is           1           3           5           5 (  1.0000000000000007     , 3.15544362088404722E-030)
 CHECK_WFCS is           1           3           5           6 ( 1.24522347452722650E-016, 5.44646604276995279E-017)
 CHECK_WFCS is           1           3           5           7 (-6.02442403733477451E-017,-7.48258363122918446E-017)
 CHECK_WFCS is           1           3           5           8 (-1.28369838729617001E-016,-4.08584978487312588E-017)
 CHECK_WFCS is           1           3           6           1 ( 4.63434109147033663E-016,-3.19291181181145944E-017)
 CHECK_WFCS is           1           3           6           2 ( 3.38088141065554141E-016, 9.49775765782253600E-018)
 CHECK_WFCS is           1           3           6           3 ( 2.26588451959211673E-017, 1.09933212660736333E-016)
 CHECK_WFCS is           1           3           6           4 (-2.19964062257159610E-016,-3.75427316454105294E-017)
 CHECK_WFCS is           1           3           6           5 ( 1.24522342573952428E-016,-5.44646590134044535E-017)
 CHECK_WFCS is           1           3           6           6 (  1.0000000000000007     ,-2.37158344125639583E-020)
 CHECK_WFCS is           1           3           6           7 (-3.02640208512257720E-017, 1.15615787771612365E-016)
 CHECK_WFCS is           1           3           6           8 ( 9.46705497914531000E-017,-3.55628685420126869E-018)
 CHECK_WFCS is           1           3           7           1 (-4.59642749284302796E-018,-1.70415436628220889E-017)
 CHECK_WFCS is           1           3           7           2 ( 3.94080267377382456E-017,-3.29840228973820359E-017)
 CHECK_WFCS is           1           3           7           3 (-1.35580113635300320E-017, 1.56419357525410002E-017)
 CHECK_WFCS is           1           3           7           4 (-1.16765678844544892E-016, 3.02651439868025182E-017)
 CHECK_WFCS is           1           3           7           5 (-6.02442403703185192E-017, 7.48258363129986640E-017)
 CHECK_WFCS is           1           3           7           6 (-3.02639471780290858E-017,-1.15615716658313493E-016)
 CHECK_WFCS is           1           3           7           7 (  1.0000000000000007     ,-1.13091099372484252E-026)
 CHECK_WFCS is           1           3           7           8 (-2.62763662456362665E-016, 1.04408986847709297E-017)
 CHECK_WFCS is           1           3           8           1 ( 1.08113529283098445E-016, 1.59518446559007033E-017)
 CHECK_WFCS is           1           3           8           2 (-1.83558019979040489E-016, 1.32541336408116061E-018)
 CHECK_WFCS is           1           3           8           3 (-2.99402429931872049E-016, 4.72474977978448729E-017)
 CHECK_WFCS is           1           3           8           4 (-6.35613523619626974E-018, 2.50721752387272900E-019)
 CHECK_WFCS is           1           3           8           5 (-1.28369839556797613E-016, 4.08584945400088086E-017)
 CHECK_WFCS is           1           3           8           6 ( 9.46709567643144761E-017, 3.55629636677831305E-018)
 CHECK_WFCS is           1           3           8           7 (-2.62763722013366769E-016,-1.04410045638893365E-017)
 CHECK_WFCS is           1           3           8           8 (  1.0000000000000007     ,-3.38813178901720136E-019)
 CHECK_WFCS is           1           4           1           1 ( 0.99999999999999922     ,-1.35525271560688054E-020)
 CHECK_WFCS is           1           4           1           2 (-1.47079879397960327E-017, 3.24011379736570216E-017)
 CHECK_WFCS is           1           4           1           3 ( 2.61140257638500795E-016,-9.51069769000809778E-017)
 CHECK_WFCS is           1           4           1           4 ( 2.64613092722243426E-017, 4.43811383043363206E-017)
 CHECK_WFCS is           1           4           1           5 (-1.49761354305191080E-016, 1.61899336439345204E-016)
 CHECK_WFCS is           1           4           1           6 (-4.08080145196387800E-016, 3.54771279627991154E-017)
 CHECK_WFCS is           1           4           1           7 (-6.21518895377315417E-017, 2.45429490532828032E-016)
 CHECK_WFCS is           1           4           1           8 (-1.68028308026999711E-017,-4.37785206844791888E-017)
 CHECK_WFCS is           1           4           2           1 (-1.47079879656454268E-017,-3.24011385423436928E-017)
 CHECK_WFCS is           1           4           2           2 (  1.0000000000000011     ,-6.67706661321037286E-026)
 CHECK_WFCS is           1           4           2           3 ( 1.74096230577058159E-016, 1.27941209814515178E-016)
 CHECK_WFCS is           1           4           2           4 (-7.75025062889029906E-018, 2.66977676908154222E-017)
 CHECK_WFCS is           1           4           2           5 (-6.26304795543708046E-018, 8.61145065972170389E-018)
 CHECK_WFCS is           1           4           2           6 (-6.61072909340920697E-017, 7.79305363252413246E-019)
 CHECK_WFCS is           1           4           2           7 (-2.05278094175462468E-016, 1.18755949637807453E-016)
 CHECK_WFCS is           1           4           2           8 (-1.14438979575117671E-016,-2.41754915844116999E-017)
 CHECK_WFCS is           1           4           3           1 ( 2.61004732366940106E-016, 9.33993584784163083E-017)
 CHECK_WFCS is           1           4           3           2 ( 1.74096230150543156E-016,-1.27941209827439875E-016)
 CHECK_WFCS is           1           4           3           3 (  1.0000000000000000     ,-1.05879118406787542E-022)
 CHECK_WFCS is           1           4           3           4 ( 8.90379858330039159E-018,-2.08776680839239948E-017)
 CHECK_WFCS is           1           4           3           5 ( 1.96347531129467158E-016, 3.03182737975467992E-016)
 CHECK_WFCS is           1           4           3           6 ( 1.58889828377750675E-016,-2.27843392481934248E-017)
 CHECK_WFCS is           1           4           3           7 ( 1.18008630211469123E-017,-1.93208215268705907E-017)
 CHECK_WFCS is           1           4           3           8 ( 3.66677088707813894E-018,-6.31910211201808693E-017)
 CHECK_WFCS is           1           4           4           1 ( 2.54042121540509758E-017,-4.40016675439663940E-017)
 CHECK_WFCS is           1           4           4           2 (-7.75024938811938023E-018,-2.66977667860866272E-017)
 CHECK_WFCS is           1           4           4           3 ( 1.00934563577190564E-017, 2.03491195248373113E-017)
 CHECK_WFCS is           1           4           4           4 (  1.0000000000000000     , 8.65668085684201223E-019)
 CHECK_WFCS is           1           4           4           5 (-5.14182880301250478E-017,-1.08113591321644387E-016)
 CHECK_WFCS is           1           4           4           6 ( 1.88820584601928632E-017,-1.69813165265542132E-016)
 CHECK_WFCS is           1           4           4           7 ( 1.77294160255692113E-016, 1.45012040569936218E-018)
 CHECK_WFCS is           1           4           4           8 ( 3.11250859146963211E-017, 1.31376974023624421E-016)
 CHECK_WFCS is           1           4           5           1 (-1.49586018485109440E-016,-1.61180205467126303E-016)
 CHECK_WFCS is           1           4           5           2 (-6.26305981384664324E-018,-8.61144894073699343E-018)
 CHECK_WFCS is           1           4           5           3 ( 1.99544339351523294E-016,-3.03731615325288778E-016)
 CHECK_WFCS is           1           4           5           4 (-5.14589456115932542E-017, 1.08083098135543232E-016)
 CHECK_WFCS is           1           4           5           5 ( 0.99999999999999911     , 3.81164826264435153E-021)
 CHECK_WFCS is           1           4           5           6 ( 2.81020120910559223E-016,-1.22504681095494949E-016)
 CHECK_WFCS is           1           4           5           7 ( 9.70530350963977329E-017,-3.56214623770112482E-016)
 CHECK_WFCS is           1           4           5           8 ( 7.26756890906731484E-017, 2.20335643162051852E-016)
 CHECK_WFCS is           1           4           6           1 (-4.08784876608503378E-016,-3.58870919092701968E-017)
 CHECK_WFCS is           1           4           6           2 (-6.61072918646702588E-017,-7.79291611374729552E-019)
 CHECK_WFCS is           1           4           6           3 ( 1.58293517182883647E-016, 2.30896946256786001E-017)
 CHECK_WFCS is           1           4           6           4 ( 1.92479766934067209E-017, 1.70355266351784884E-016)
 CHECK_WFCS is           1           4           6           5 ( 2.81277618926524531E-016, 1.21722022652231976E-016)
 CHECK_WFCS is           1           4           6           6 (  1.0000000000000022     ,-1.21972744404619249E-019)
 CHECK_WFCS is           1           4           6           7 (-5.62700927519976801E-017,-1.91456551133784014E-016)
 CHECK_WFCS is           1           4           6           8 (-2.46834029978053272E-016, 2.24454748254527570E-016)
 CHECK_WFCS is           1           4           7           1 (-6.29650411670956700E-017,-2.45212650098330931E-016)
 CHECK_WFCS is           1           4           7           2 (-2.05278102137075864E-016,-1.18756002370571503E-016)
 CHECK_WFCS is           1           4           7           3 ( 1.22345438901411141E-017, 1.95884839382029496E-017)
 CHECK_WFCS is           1           4           7           4 ( 1.75349372608796239E-016,-1.21972744404619249E-018)
 CHECK_WFCS is           1           4           7           5 ( 9.69480030109381996E-017, 3.56350149041673170E-016)
 CHECK_WFCS is           1           4           7           6 (-5.56195714485063775E-017, 1.91239710699286913E-016)
 CHECK_WFCS is           1           4           7           7 (  1.0000000000000011     , 2.16840434497100887E-019)
 CHECK_WFCS is           1           4           7           8 ( 7.13074686646032740E-018, 1.10463770260585148E-016)
 CHECK_WFCS is           1           4           8           1 (-1.68026190444631575E-017, 4.37785430183557278E-017)
 CHECK_WFCS is           1           4           8           2 (-1.14438345509421764E-016, 2.41750360656308181E-017)
 CHECK_WFCS is           1           4           8           3 ( 3.66676923271691383E-018, 6.31917742681285988E-017)
 CHECK_WFCS is           1           4           8           4 ( 3.11252215723167798E-017,-1.31377152694636733E-016)
 CHECK_WFCS is           1           4           8           5 ( 7.26757461661354146E-017,-2.20335244460996602E-016)
 CHECK_WFCS is           1           4           8           6 (-2.46833871159375662E-016,-2.24454784236884216E-016)
 CHECK_WFCS is           1           4           8           7 ( 7.13072039668072571E-018,-1.10463664381466742E-016)
 CHECK_WFCS is           1           4           8           8 ( 0.99999999999999967     ,-5.16987882845642297E-026)
 RCHECK_WFCS IS           1           1           1           1 (  1.0751324097846342     ,  0.0000000000000000     )
 RCHECK_WFCS IS           1           1           1           2 (-4.46556065111791689E-008,-3.24897843469752311E-007)
 RCHECK_WFCS IS           1           1           1           3 ( 2.10500466909875775E-006, 2.91742969920540174E-006)
 RCHECK_WFCS IS           1           1           1           4 (-3.48743909567526345E-006,-4.00935815132627415E-006)
 RCHECK_WFCS IS           1           1           1           5 (-3.13530550417241772E-007,-2.56023010414223251E-007)
 RCHECK_WFCS IS           1           1           1           6 (-7.64285058954641869E-009,-8.26742016189943020E-007)
 RCHECK_WFCS IS           1           1           1           7 ( 4.26594674247218025E-007,-4.32753914067676203E-007)
 RCHECK_WFCS IS           1           1           1           8 ( 7.61897149880508022E-006, 1.93738138276924437E-005)
 RCHECK_WFCS IS           1           1           2           1 (-4.46556065111791689E-008, 3.24897843469752311E-007)
 RCHECK_WFCS IS           1           1           2           2 (  1.0000000000016565     ,  0.0000000000000000     )
 RCHECK_WFCS IS           1           1           2           3 (-1.37888036572623122E-011, 7.41131609529434937E-012)
 RCHECK_WFCS IS           1           1           2           4 ( 2.22007635076552460E-011,-1.11132546066884507E-011)
 RCHECK_WFCS IS           1           1           2           5 (-4.17506896501095177E-008,-2.08058973191811767E-008)
 RCHECK_WFCS IS           1           1           2           6 (-5.58995249513372310E-008, 1.37865492073642631E-008)
 RCHECK_WFCS IS           1           1           2           7 ( 2.01545900797998185E-009,-6.37907252940046731E-008)
 RCHECK_WFCS IS           1           1           2           8 (-8.78864862789797741E-011, 1.98201447859544428E-011)
 RCHECK_WFCS IS           1           1           3           1 ( 2.10500466909875775E-006,-2.91742969920540174E-006)
 RCHECK_WFCS IS           1           1           3           2 (-1.37888036572623122E-011,-7.41131609529434937E-012)
 RCHECK_WFCS IS           1           1           3           3 (  1.0000000001711169     ,  0.0000000000000000     )
 RCHECK_WFCS IS           1           1           3           4 (-2.43187082611313535E-010, 1.44979041310746813E-011)
 RCHECK_WFCS IS           1           1           3           5 (-6.84789756070492723E-008, 9.45590628483823433E-008)
 RCHECK_WFCS IS           1           1           3           6 (-4.83989206239494132E-008, 4.68587647476586453E-008)
 RCHECK_WFCS IS           1           1           3           7 (-3.58231435472323839E-008,-2.28197730332629696E-008)
 RCHECK_WFCS IS           1           1           3           8 ( 9.51160968082034543E-010, 2.39347842021776190E-010)
 RCHECK_WFCS IS           1           1           4           1 (-3.48743909567526345E-006, 4.00935815132627415E-006)
 RCHECK_WFCS IS           1           1           4           2 ( 2.22007635076552460E-011, 1.11132546066884507E-011)
 RCHECK_WFCS IS           1           1           4           3 (-2.43187082611313535E-010,-1.44979041310746813E-011)
 RCHECK_WFCS IS           1           1           4           4 (  1.0000000003422267     ,  0.0000000000000000     )
 RCHECK_WFCS IS           1           1           4           5 (-6.51687976867908125E-007, 7.64839762097050278E-007)
 RCHECK_WFCS IS           1           1           4           6 ( 4.32136022477545145E-008,-1.61033979015011794E-007)
 RCHECK_WFCS IS           1           1           4           7 (-1.61705073936286792E-008,-6.63335884632441393E-007)
 RCHECK_WFCS IS           1           1           4           8 (-1.33079721297619313E-009,-3.97127989475987951E-010)
 RCHECK_WFCS IS           1           1           5           1 (-3.13530550417241772E-007, 2.56023010414223251E-007)
 RCHECK_WFCS IS           1           1           5           2 (-4.17506896501095177E-008, 2.08058973191811767E-008)
 RCHECK_WFCS IS           1           1           5           3 (-6.84789756070492723E-008,-9.45590628483823433E-008)
 RCHECK_WFCS IS           1           1           5           4 (-6.51687976867908125E-007,-7.64839762097050278E-007)
 RCHECK_WFCS IS           1           1           5           5 (  1.0357769904938532     ,  0.0000000000000000     )
 RCHECK_WFCS IS           1           1           5           6 (-8.92384057654785453E-008, 1.55487394740768820E-007)
 RCHECK_WFCS IS           1           1           5           7 (-3.20206213022379398E-008,-6.17758517903661508E-008)
 RCHECK_WFCS IS           1           1           5           8 (-8.95531186850470617E-007,-1.95432669972443525E-007)
 RCHECK_WFCS IS           1           1           6           1 (-7.64285058954641869E-009, 8.26742016189943020E-007)
 RCHECK_WFCS IS           1           1           6           2 (-5.58995249513372310E-008,-1.37865492073642631E-008)
 RCHECK_WFCS IS           1           1           6           3 (-4.83989206239494132E-008,-4.68587647476586453E-008)
 RCHECK_WFCS IS           1           1           6           4 ( 4.32136022477545145E-008, 1.61033979015011794E-007)
 RCHECK_WFCS IS           1           1           6           5 (-8.92384057654785453E-008,-1.55487394740768820E-007)
 RCHECK_WFCS IS           1           1           6           6 (  1.0357772644876906     ,  0.0000000000000000     )
 RCHECK_WFCS IS           1           1           6           7 ( 2.05508013436844051E-008,-2.07331016432382100E-007)
 RCHECK_WFCS IS           1           1           6           8 ( 1.30816484374025563E-007,-2.15774862652991080E-007)
 RCHECK_WFCS IS           1           1           7           1 ( 4.26594674247218025E-007, 4.32753914067676203E-007)
 RCHECK_WFCS IS           1           1           7           2 ( 2.01545900797998185E-009, 6.37907252940046731E-008)
 RCHECK_WFCS IS           1           1           7           3 (-3.58231435472323839E-008, 2.28197730332629696E-008)
 RCHECK_WFCS IS           1           1           7           4 (-1.61705073936286792E-008, 6.63335884632441393E-007)
 RCHECK_WFCS IS           1           1           7           5 (-3.20206213022379398E-008, 6.17758517903661508E-008)
 RCHECK_WFCS IS           1           1           7           6 ( 2.05508013436844051E-008, 2.07331016432382100E-007)
 RCHECK_WFCS IS           1           1           7           7 (  1.0357772876872706     ,  0.0000000000000000     )
 RCHECK_WFCS IS           1           1           7           8 ( 6.86783797241101757E-008,-2.29409155321297139E-007)
 RCHECK_WFCS IS           1           1           8           1 ( 7.61897149880508022E-006,-1.93738138276924437E-005)
 RCHECK_WFCS IS           1           1           8           2 (-8.78864862789797741E-011,-1.98201447859544428E-011)
 RCHECK_WFCS IS           1           1           8           3 ( 9.51160968082034543E-010,-2.39347842021776190E-010)
 RCHECK_WFCS IS           1           1           8           4 (-1.33079721297619313E-009, 3.97127989475987951E-010)
 RCHECK_WFCS IS           1           1           8           5 (-8.95531186850470617E-007, 1.95432669972443525E-007)
 RCHECK_WFCS IS           1           1           8           6 ( 1.30816484374025563E-007, 2.15774862652991080E-007)
 RCHECK_WFCS IS           1           1           8           7 ( 6.86783797241101757E-008, 2.29409155321297139E-007)
 RCHECK_WFCS IS           1           1           8           8 (  1.0000000055932015     ,  0.0000000000000000     )
 RCHECK_WFCS IS           1           2           1           1 (  1.0615123225524996     ,  0.0000000000000000     )
 RCHECK_WFCS IS           1           2           1           2 ( 1.32385267109441408E-002, 3.11805013531287790E-002)
 RCHECK_WFCS IS           1           2           1           3 (-7.21810717069432280E-007,-3.07476532479302346E-007)
 RCHECK_WFCS IS           1           2           1           4 (-3.59959838175370386E-007, 1.19531348697442206E-006)
 RCHECK_WFCS IS           1           2           1           5 (-1.27213788638365242E-006,-6.95409648867956036E-007)
 RCHECK_WFCS IS           1           2           1           6 (-1.09094770143631126E-006, 1.55757483796017835E-006)
 RCHECK_WFCS IS           1           2           1           7 ( 4.40492909530949411E-002, 1.05681606437985735E-002)
 RCHECK_WFCS IS           1           2           1           8 ( 2.95168130762908341E-002,-6.24761234456557360E-003)
 RCHECK_WFCS IS           1           2           2           1 ( 1.32385267109441408E-002,-3.11805013531287790E-002)
 RCHECK_WFCS IS           1           2           2           2 (  1.0336787381973513     ,  0.0000000000000000     )
 RCHECK_WFCS IS           1           2           2           3 (-2.40364131799996433E-007, 3.11589576204610758E-007)
 RCHECK_WFCS IS           1           2           2           4 ( 1.60793630571125264E-007, 3.72812058099096147E-007)
 RCHECK_WFCS IS           1           2           2           5 (-5.15662547119334423E-007, 5.25726172040386075E-007)
 RCHECK_WFCS IS           1           2           2           6 (-1.64988156249948337E-007, 1.07992529474121745E-006)
 RCHECK_WFCS IS           1           2           2           7 ( 2.00834936123675672E-002,-2.71438393933456854E-002)
 RCHECK_WFCS IS           1           2           2           8 ( 5.70024596312333591E-003,-2.91845689964813221E-002)
 RCHECK_WFCS IS           1           2           3           1 (-7.21810717069432280E-007, 3.07476532479302346E-007)
 RCHECK_WFCS IS           1           2           3           2 (-2.40364131799996433E-007,-3.11589576204610758E-007)
 RCHECK_WFCS IS           1           2           3           3 (  1.0193604064907906     ,  0.0000000000000000     )
 RCHECK_WFCS IS           1           2           3           4 (-2.85518214954497140E-007, 2.11405292841044537E-007)
 RCHECK_WFCS IS           1           2           3           5 (-1.40892466265774442E-002,-2.33417834724468322E-003)
 RCHECK_WFCS IS           1           2           3           6 ( 2.84160212848760417E-003,-2.49439459289371810E-003)
 RCHECK_WFCS IS           1           2           3           7 (-2.23799102566453626E-006,-3.24682814892118297E-007)
 RCHECK_WFCS IS           1           2           3           8 ( 1.93419259962046213E-005,-6.20074474823497699E-006)
 RCHECK_WFCS IS           1           2           4           1 (-3.59959838175370386E-007,-1.19531348697442206E-006)
 RCHECK_WFCS IS           1           2           4           2 ( 1.60793630571125264E-007,-3.72812058099096147E-007)
 RCHECK_WFCS IS           1           2           4           3 (-2.85518214954497140E-007,-2.11405292841044537E-007)
 RCHECK_WFCS IS           1           2           4           4 (  1.0193540426590140     ,  0.0000000000000000     )
 RCHECK_WFCS IS           1           2           4           5 ( 3.26209346752421225E-003, 1.91283332707683031E-003)
 RCHECK_WFCS IS           1           2           4           6 ( 1.33836397053898031E-002,-4.94988377156528169E-003)
 RCHECK_WFCS IS           1           2           4           7 (-1.33975598039769304E-006,-3.72503226151555168E-008)
 RCHECK_WFCS IS           1           2           4           8 ( 4.87170797045072800E-008,-8.26874272093606171E-007)
 RCHECK_WFCS IS           1           2           5           1 (-1.27213788638365242E-006, 6.95409648867956036E-007)
 RCHECK_WFCS IS           1           2           5           2 (-5.15662547119334423E-007,-5.25726172040386075E-007)
 RCHECK_WFCS IS           1           2           5           3 (-1.40892466265774442E-002, 2.33417834724468322E-003)
 RCHECK_WFCS IS           1           2           5           4 ( 3.26209346752421225E-003,-1.91283332707683031E-003)
 RCHECK_WFCS IS           1           2           5           5 (  1.0112713926477293     ,  0.0000000000000000     )
 RCHECK_WFCS IS           1           2           5           6 (-6.88782520723348124E-007, 9.72199829643248783E-007)
 RCHECK_WFCS IS           1           2           5           7 ( 1.62326983200599835E-007, 5.11570505568626823E-007)
 RCHECK_WFCS IS           1           2           5           8 (-1.40456110705945243E-005, 7.19694764185003737E-006)
 RCHECK_WFCS IS           1           2           6           1 (-1.09094770143631126E-006,-1.55757483796017835E-006)
 RCHECK_WFCS IS           1           2           6           2 (-1.64988156249948337E-007,-1.07992529474121745E-006)
 RCHECK_WFCS IS           1           2           6           3 ( 2.84160212848760417E-003, 2.49439459289371810E-003)
 RCHECK_WFCS IS           1           2           6           4 ( 1.33836397053898031E-002, 4.94988377156528169E-003)
 RCHECK_WFCS IS           1           2           6           5 (-6.88782520723348124E-007,-9.72199829643248783E-007)
 RCHECK_WFCS IS           1           2           6           6 (  1.0112574895224533     ,  0.0000000000000000     )
 RCHECK_WFCS IS           1           2           6           7 (-2.03408933835677346E-006,-1.11840225155837785E-006)
 RCHECK_WFCS IS           1           2           6           8 ( 3.14799451005117642E-006, 1.20949306270290908E-006)
 RCHECK_WFCS IS           1           2           7           1 ( 4.40492909530949411E-002,-1.05681606437985735E-002)
 RCHECK_WFCS IS           1           2           7           2 ( 2.00834936123675672E-002, 2.71438393933456854E-002)
 RCHECK_WFCS IS           1           2           7           3 (-2.23799102566453626E-006, 3.24682814892118297E-007)
 RCHECK_WFCS IS           1           2           7           4 (-1.33975598039769304E-006, 3.72503226151555168E-008)
 RCHECK_WFCS IS           1           2           7           5 ( 1.62326983200599835E-007,-5.11570505568626823E-007)
 RCHECK_WFCS IS           1           2           7           6 (-2.03408933835677346E-006, 1.11840225155837785E-006)
 RCHECK_WFCS IS           1           2           7           7 (  1.0379197756604188     ,  0.0000000000000000     )
 RCHECK_WFCS IS           1           2           7           8 ( 2.66043360171475431E-002,-1.26581690340067630E-002)
 RCHECK_WFCS IS           1           2           8           1 ( 2.95168130762908341E-002, 6.24761234456557360E-003)
 RCHECK_WFCS IS           1           2           8           2 ( 5.70024596312333591E-003, 2.91845689964813221E-002)
 RCHECK_WFCS IS           1           2           8           3 ( 1.93419259962046213E-005, 6.20074474823497699E-006)
 RCHECK_WFCS IS           1           2           8           4 ( 4.87170797045072800E-008, 8.26874272093606171E-007)
 RCHECK_WFCS IS           1           2           8           5 (-1.40456110705945243E-005,-7.19694764185003737E-006)
 RCHECK_WFCS IS           1           2           8           6 ( 3.14799451005117642E-006,-1.20949306270290908E-006)
 RCHECK_WFCS IS           1           2           8           7 ( 2.66043360171475431E-002, 1.26581690340067630E-002)
 RCHECK_WFCS IS           1           2           8           8 (  1.0258935125330377     ,  0.0000000000000000     )
 RCHECK_WFCS IS           1           3           1           1 (  1.0565375137832247     ,  0.0000000000000000     )
 RCHECK_WFCS IS           1           3           1           2 ( 2.77870234285959340E-002, 3.51346893489267679E-003)
 RCHECK_WFCS IS           1           3           1           3 (-6.78187888740608209E-008, 1.52876806874710395E-008)
 RCHECK_WFCS IS           1           3           1           4 ( 1.55076411050209189E-008, 9.32881662845653521E-008)
 RCHECK_WFCS IS           1           3           1           5 ( 1.24710602083710913E-007, 1.52955516304759120E-007)
 RCHECK_WFCS IS           1           3           1           6 ( 5.81191615800308176E-002, 1.25640123006471403E-002)
 RCHECK_WFCS IS           1           3           1           7 ( 4.06388830583121757E-006,-1.38865498491808955E-007)
 RCHECK_WFCS IS           1           3           1           8 ( 1.08664896529356760E-005,-6.27486996502303109E-007)
 RCHECK_WFCS IS           1           3           2           1 ( 2.77870234285959340E-002,-3.51346893489267679E-003)
 RCHECK_WFCS IS           1           3           2           2 (  1.0304038882020388     ,  0.0000000000000000     )
 RCHECK_WFCS IS           1           3           2           3 (-3.01232463616905166E-008, 7.70210842208007591E-009)
 RCHECK_WFCS IS           1           3           2           4 ( 8.42401508409465590E-008, 3.80019466986335370E-008)
 RCHECK_WFCS IS           1           3           2           5 ( 3.67455942798008434E-008, 9.24661594579544477E-008)
 RCHECK_WFCS IS           1           3           2           6 ( 4.65833038962287227E-002, 4.06878420834738599E-003)
 RCHECK_WFCS IS           1           3           2           7 ( 2.61522833243944433E-006, 4.31331364508971308E-007)
 RCHECK_WFCS IS           1           3           2           8 ( 2.82507479801978258E-006,-1.16723953222632155E-006)
 RCHECK_WFCS IS           1           3           3           1 (-6.78187888740608209E-008,-1.52876806874710395E-008)
 RCHECK_WFCS IS           1           3           3           2 (-3.01232463616905166E-008,-7.70210842208007591E-009)
 RCHECK_WFCS IS           1           3           3           3 (  1.0196320277916686     ,  0.0000000000000000     )
 RCHECK_WFCS IS           1           3           3           4 (-7.53749926636613743E-008, 1.64458872997498400E-008)
 RCHECK_WFCS IS           1           3           3           5 (-4.96471372436489492E-010,-1.44336758252732261E-008)
 RCHECK_WFCS IS           1           3           3           6 (-2.28839179538495415E-007,-1.09720115617793515E-008)
 RCHECK_WFCS IS           1           3           3           7 ( 9.38169609139676104E-007,-6.84799330017907649E-007)
 RCHECK_WFCS IS           1           3           3           8 (-1.69050836336420186E-002,-3.05704723971216832E-003)
 RCHECK_WFCS IS           1           3           4           1 ( 1.55076411050209189E-008,-9.32881662845653521E-008)
 RCHECK_WFCS IS           1           3           4           2 ( 8.42401508409465590E-008,-3.80019466986335370E-008)
 RCHECK_WFCS IS           1           3           4           3 (-7.53749926636613743E-008,-1.64458872997498400E-008)
 RCHECK_WFCS IS           1           3           4           4 (  1.0196291362902772     ,  0.0000000000000000     )
 RCHECK_WFCS IS           1           3           4           5 ( 6.47844562226962837E-008,-5.47514108689438070E-008)
 RCHECK_WFCS IS           1           3           4           6 ( 1.25655036645034986E-007,-1.19555650900105004E-007)
 RCHECK_WFCS IS           1           3           4           7 ( 1.83594041057797242E-006,-4.34517912995485888E-006)
 RCHECK_WFCS IS           1           3           4           8 (-3.70461767926483622E-005, 2.77467184734949172E-004)
 RCHECK_WFCS IS           1           3           5           1 ( 1.24710602083710913E-007,-1.52955516304759120E-007)
 RCHECK_WFCS IS           1           3           5           2 ( 3.67455942798008434E-008,-9.24661594579544477E-008)
 RCHECK_WFCS IS           1           3           5           3 (-4.96471372436489492E-010, 1.44336758252732261E-008)
 RCHECK_WFCS IS           1           3           5           4 ( 6.47844562226962837E-008, 5.47514108689438070E-008)
 RCHECK_WFCS IS           1           3           5           5 (  1.0000000000011502     ,  0.0000000000000000     )
 RCHECK_WFCS IS           1           3           5           6 ( 1.27178836783830913E-007,-1.57623953978555880E-007)
 RCHECK_WFCS IS           1           3           5           7 ( 2.63526434142289693E-011,-2.18770899432526150E-011)
 RCHECK_WFCS IS           1           3           5           8 ( 2.13012464624433647E-009,-1.10237058081423065E-008)
 RCHECK_WFCS IS           1           3           6           1 ( 5.81191615800308176E-002,-1.25640123006471403E-002)
 RCHECK_WFCS IS           1           3           6           2 ( 4.65833038962287227E-002,-4.06878420834738599E-003)
 RCHECK_WFCS IS           1           3           6           3 (-2.28839179538495415E-007, 1.09720115617793515E-008)
 RCHECK_WFCS IS           1           3           6           4 ( 1.25655036645034986E-007, 1.19555650900105004E-007)
 RCHECK_WFCS IS           1           3           6           5 ( 1.27178836783830913E-007, 1.57623953978555880E-007)
 RCHECK_WFCS IS           1           3           6           6 (  1.0802602453322709     ,  0.0000000000000000     )
 RCHECK_WFCS IS           1           3           6           7 ( 4.79415144862525584E-006,-2.97016890887471773E-007)
 RCHECK_WFCS IS           1           3           6           8 ( 8.34207894550591361E-006,-2.92589713794971442E-006)
 RCHECK_WFCS IS           1           3           7           1 ( 4.06388830583121757E-006, 1.38865498491808955E-007)
 RCHECK_WFCS IS           1           3           7           2 ( 2.61522833243944433E-006,-4.31331364508971308E-007)
 RCHECK_WFCS IS           1           3           7           3 ( 9.38169609139676104E-007, 6.84799330017907649E-007)
 RCHECK_WFCS IS           1           3           7           4 ( 1.83594041057797242E-006, 4.34517912995485888E-006)
 RCHECK_WFCS IS           1           3           7           5 ( 2.63526434142289693E-011, 2.18770899432526150E-011)
 RCHECK_WFCS IS           1           3           7           6 ( 4.79415144862525584E-006, 2.97016890887471773E-007)
 RCHECK_WFCS IS           1           3           7           7 (  1.0000000015134070     ,  0.0000000000000000     )
 RCHECK_WFCS IS           1           3           7           8 (-7.56005131434578536E-007,-7.08796334525299589E-007)
 RCHECK_WFCS IS           1           3           8           1 ( 1.08664896529356760E-005, 6.27486996502303109E-007)
 RCHECK_WFCS IS           1           3           8           2 ( 2.82507479801978258E-006, 1.16723953222632155E-006)
 RCHECK_WFCS IS           1           3           8           3 (-1.69050836336420186E-002, 3.05704723971216832E-003)
 RCHECK_WFCS IS           1           3           8           4 (-3.70461767926483622E-005,-2.77467184734949172E-004)
 RCHECK_WFCS IS           1           3           8           5 ( 2.13012464624433647E-009, 1.10237058081423065E-008)
 RCHECK_WFCS IS           1           3           8           6 ( 8.34207894550591361E-006, 2.92589713794971442E-006)
 RCHECK_WFCS IS           1           3           8           7 (-7.56005131434578536E-007, 7.08796334525299589E-007)
 RCHECK_WFCS IS           1           3           8           8 (  1.0149432030557508     ,  0.0000000000000000     )
 RCHECK_WFCS IS           1           4           1           1 (  1.0393387793149980     ,  0.0000000000000000     )
 RCHECK_WFCS IS           1           4           1           2 ( 1.64045467012385042E-009,-2.47287467314835848E-009)
 RCHECK_WFCS IS           1           4           1           3 ( 4.15309795025419065E-002,-1.10691442762977498E-002)
 RCHECK_WFCS IS           1           4           1           4 ( 1.86057084467824479E-008, 2.33188000529442156E-008)
 RCHECK_WFCS IS           1           4           1           5 ( 1.77505844290535009E-002, 2.77546921079333403E-002)
 RCHECK_WFCS IS           1           4           1           6 (-2.76634916990171681E-003, 6.71233918496372197E-004)
 RCHECK_WFCS IS           1           4           1           7 (-3.68345070413163345E-007, 2.37398443707322709E-007)
 RCHECK_WFCS IS           1           4           1           8 (-2.26648412616507914E-006,-4.12353350282631640E-006)
 RCHECK_WFCS IS           1           4           2           1 ( 1.64045467012385042E-009, 2.47287467314835848E-009)
 RCHECK_WFCS IS           1           4           2           2 (  1.0120864826780329     ,  0.0000000000000000     )
 RCHECK_WFCS IS           1           4           2           3 (-4.36521075536377978E-009,-5.19806512988603440E-009)
 RCHECK_WFCS IS           1           4           2           4 ( 1.05111137656420545E-008, 6.64828722603929407E-009)
 RCHECK_WFCS IS           1           4           2           5 (-5.22935378425984581E-008,-2.18579785602375961E-008)
 RCHECK_WFCS IS           1           4           2           6 ( 2.24076946412776359E-008,-7.40505634256757335E-007)
 RCHECK_WFCS IS           1           4           2           7 ( 6.14916073310498454E-007,-7.73002154342242741E-007)
 RCHECK_WFCS IS           1           4           2           8 ( 4.51540003151300445E-006, 5.18111120840218335E-006)
 RCHECK_WFCS IS           1           4           3           1 ( 4.15309795025419065E-002, 1.10691442762977498E-002)
 RCHECK_WFCS IS           1           4           3           2 (-4.36521075536377978E-009, 5.19806512988603440E-009)
 RCHECK_WFCS IS           1           4           3           3 (  1.0717131073689421     ,  0.0000000000000000     )
 RCHECK_WFCS IS           1           4           3           4 ( 1.50846531950192488E-008, 3.80445706751269450E-008)
 RCHECK_WFCS IS           1           4           3           5 ( 1.65396140729290007E-002, 5.18967992337040357E-002)
 RCHECK_WFCS IS           1           4           3           6 ( 1.75585339194756357E-002, 3.92430989445244089E-004)
 RCHECK_WFCS IS           1           4           3           7 (-6.36050445548562208E-007,-7.99940329059360999E-008)
 RCHECK_WFCS IS           1           4           3           8 ( 1.23044039524119200E-006,-5.64738148242572371E-006)
 RCHECK_WFCS IS           1           4           4           1 ( 1.86057084467824479E-008,-2.33188000529442156E-008)
 RCHECK_WFCS IS           1           4           4           2 ( 1.05111137656420545E-008,-6.64828722603929407E-009)
 RCHECK_WFCS IS           1           4           4           3 ( 1.50846531950192488E-008,-3.80445706751269450E-008)
 RCHECK_WFCS IS           1           4           4           4 (  1.0193896579119650     ,  0.0000000000000000     )
 RCHECK_WFCS IS           1           4           4           5 ( 7.41163312464786431E-008, 8.17485269228271899E-009)
 RCHECK_WFCS IS           1           4           4           6 ( 4.95512609582144472E-008, 6.48646335856447184E-008)
 RCHECK_WFCS IS           1           4           4           7 ( 6.11834446219542121E-004,-1.77466234996747907E-002)
 RCHECK_WFCS IS           1           4           4           8 (-6.88817776702297148E-008, 7.49958245828870748E-008)
 RCHECK_WFCS IS           1           4           5           1 ( 1.77505844290535009E-002,-2.77546921079333403E-002)
 RCHECK_WFCS IS           1           4           5           2 (-5.22935378425984581E-008, 2.18579785602375961E-008)
 RCHECK_WFCS IS           1           4           5           3 ( 1.65396140729290007E-002,-5.18967992337040357E-002)
 RCHECK_WFCS IS           1           4           5           4 ( 7.41163312464786431E-008,-8.17485269228271899E-009)
 RCHECK_WFCS IS           1           4           5           5 (  1.0412221286877374     ,  0.0000000000000000     )
 RCHECK_WFCS IS           1           4           5           6 ( 4.22122413283662276E-003,-1.22887499474239308E-002)
 RCHECK_WFCS IS           1           4           5           7 (-2.03895429935506155E-007, 4.00051067591017283E-007)
 RCHECK_WFCS IS           1           4           5           8 (-3.79192625558236026E-006,-2.14692624713451747E-006)
 RCHECK_WFCS IS           1           4           6           1 (-2.76634916990171681E-003,-6.71233918496372197E-004)
 RCHECK_WFCS IS           1           4           6           2 ( 2.24076946412776359E-008, 7.40505634256757335E-007)
 RCHECK_WFCS IS           1           4           6           3 ( 1.75585339194756357E-002,-3.92430989445244089E-004)
 RCHECK_WFCS IS           1           4           6           4 ( 4.95512609582144472E-008,-6.48646335856447184E-008)
 RCHECK_WFCS IS           1           4           6           5 ( 4.22122413283662276E-003, 1.22887499474239308E-002)
 RCHECK_WFCS IS           1           4           6           6 (  1.0173479348945544     ,  0.0000000000000000     )
 RCHECK_WFCS IS           1           4           6           7 (-1.84312616399112052E-007,-2.38546323494044279E-007)
 RCHECK_WFCS IS           1           4           6           8 ( 2.08520792079482850E-006,-2.57856408225877747E-007)
 RCHECK_WFCS IS           1           4           7           1 (-3.68345070413163345E-007,-2.37398443707322709E-007)
 RCHECK_WFCS IS           1           4           7           2 ( 6.14916073310498454E-007, 7.73002154342242741E-007)
 RCHECK_WFCS IS           1           4           7           3 (-6.36050445548562208E-007, 7.99940329059360999E-008)
 RCHECK_WFCS IS           1           4           7           4 ( 6.11834446219542121E-004, 1.77466234996747907E-002)
 RCHECK_WFCS IS           1           4           7           5 (-2.03895429935506155E-007,-4.00051067591017283E-007)
 RCHECK_WFCS IS           1           4           7           6 (-1.84312616399112052E-007, 2.38546323494044279E-007)
 RCHECK_WFCS IS           1           4           7           7 (  1.0162060136626803     ,  0.0000000000000000     )
 RCHECK_WFCS IS           1           4           7           8 (-6.98237292352028118E-008,-5.78135331312306995E-008)
 RCHECK_WFCS IS           1           4           8           1 (-2.26648412616507914E-006, 4.12353350282631640E-006)
 RCHECK_WFCS IS           1           4           8           2 ( 4.51540003151300445E-006,-5.18111120840218335E-006)
 RCHECK_WFCS IS           1           4           8           3 ( 1.23044039524119200E-006, 5.64738148242572371E-006)
 RCHECK_WFCS IS           1           4           8           4 (-6.88817776702297148E-008,-7.49958245828870748E-008)
 RCHECK_WFCS IS           1           4           8           5 (-3.79192625558236026E-006, 2.14692624713451747E-006)
 RCHECK_WFCS IS           1           4           8           6 ( 2.08520792079482850E-006, 2.57856408225877747E-007)
 RCHECK_WFCS IS           1           4           8           7 (-6.98237292352028118E-008, 5.78135331312306995E-008)
 RCHECK_WFCS IS           1           4           8           8 (  1.0000000046674469     ,  0.0000000000000000     )
